#
# There is insufficient memory for the Java Runtime Environment to continue.
# Native memory allocation (malloc) failed to allocate 1048576 bytes for AllocateHeap
# Possible reasons:
#   The system is out of physical RAM or swap space
#   In 32 bit mode, the process size limit was hit
# Possible solutions:
#   Reduce memory load on the system
#   Increase physical memory or swap space
#   Check if swap backing store is full
#   Use 64 bit Java on a 64 bit OS
#   Decrease Java heap size (-Xmx/-Xms)
#   Decrease number of Java threads
#   Decrease Java thread stack sizes (-Xss)
#   Set larger code cache with -XX:ReservedCodeCacheSize=
# This output file may be truncated or incomplete.
#
#  Out of Memory Error (memory/allocation.inline.hpp:61), pid=10136, tid=0x0000000000003a44
#
# JRE version:  (8.0_121-b13) (build )
# Java VM: Java HotSpot(TM) 64-Bit Server VM (25.121-b13 mixed mode windows-amd64 compressed oops)
# Failed to write core dump. Minidumps are not enabled by default on client versions of Windows
#

---------------  T H R E A D  ---------------

Current thread (0x000000000111e000):  JavaThread "Unknown thread" [_thread_in_vm, id=14916, stack(0x0000000002c50000,0x0000000002d50000)]

Stack: [0x0000000002c50000,0x0000000002d50000]
[error occurred during error reporting (printing stack bounds), id 0xc0000005]

Native frames: (J=compiled Java code, j=interpreted, Vv=VM code, C=native code)


---------------  P R O C E S S  ---------------

Java Threads: ( => current thread )

Other Threads:

=>0x000000000111e000 (exited) JavaThread "Unknown thread" [_thread_in_vm, id=14916, stack(0x0000000002c50000,0x0000000002d50000)]

VM state:not at safepoint (normal execution)

VM Mutex/Monitor currently owned by a thread: None

Heap:
 PSYoungGen      total 229376K, used 3932K [0x00000000f0000000, 0x0000000100000000, 0x0000000100000000)
  eden space 196608K, 2% used [0x00000000f0000000,0x00000000f03d70b0,0x00000000fc000000)
  from space 32768K, 0% used [0x00000000fe000000,0x00000000fe000000,0x0000000100000000)
  to   space 32768K, 0% used [0x00000000fc000000,0x00000000fc000000,0x00000000fe000000)
 ParOldGen       total 524288K, used 0K [0x00000000d0000000, 0x00000000f0000000, 0x00000000f0000000)
  object space 524288K, 0% used [0x00000000d0000000,0x00000000d0000000,0x00000000f0000000)
 Metaspace       used 770K, capacity 4480K, committed 4480K, reserved 1056768K
  class space    used 75K, capacity 384K, committed 384K, reserved 1048576K

Card table byte_map: [0x0000000012210000,0x00000000123a0000] byte_map_base: 0x0000000011b90000

Marking Bits: (ParMarkBitMap*) 0x000000005870b6d0
 Begin Bits: [0x0000000012ca0000, 0x00000000138a0000)
 End Bits:   [0x00000000138a0000, 0x00000000144a0000)

Polling page: 0x0000000000b20000

CodeCache: size=245760Kb used=328Kb max_used=328Kb free=245431Kb
 bounds [0x0000000002e50000, 0x00000000030c0000, 0x0000000011e50000]
 total_blobs=58 nmethods=0 adapters=38
 compilation: enabled

Compilation events (0 events):
No events

GC Heap History (0 events):
No events

Deoptimization events (0 events):
No events

Internal exceptions (0 events):
No events

Events (10 events):
Event: 0.024 loading class java/lang/Short
Event: 0.024 loading class java/lang/Short done
Event: 0.024 loading class java/lang/Integer
Event: 0.025 loading class java/lang/Integer done
Event: 0.025 loading class java/lang/Long
Event: 0.025 loading class java/lang/Long done
Event: 0.025 loading class java/lang/NullPointerException
Event: 0.025 loading class java/lang/NullPointerException done
Event: 0.025 loading class java/lang/ArithmeticException
Event: 0.025 loading class java/lang/ArithmeticException done


Dynamic libraries:
0x00007ff7d1490000 - 0x00007ff7d14c7000 	C:\Program Files\Java\jdk1.8.0_121\bin\java.exe
0x00007ffc98640000 - 0x00007ffc9881b000 	C:\WINDOWS\SYSTEM32\ntdll.dll
0x00007ffc96990000 - 0x00007ffc96a3e000 	C:\WINDOWS\System32\KERNEL32.DLL
0x00007ffc953a0000 - 0x00007ffc955e9000 	C:\WINDOWS\System32\KERNELBASE.dll
0x00007ffc96a40000 - 0x00007ffc96ae1000 	C:\WINDOWS\System32\ADVAPI32.dll
0x00007ffc96180000 - 0x00007ffc9621d000 	C:\WINDOWS\System32\msvcrt.dll
0x00007ffc98170000 - 0x00007ffc981c9000 	C:\WINDOWS\System32\sechost.dll
0x00007ffc967b0000 - 0x00007ffc968d5000 	C:\WINDOWS\System32\RPCRT4.dll
0x00007ffc95ba0000 - 0x00007ffc95cea000 	C:\WINDOWS\System32\USER32.dll
0x00007ffc95260000 - 0x00007ffc9527e000 	C:\WINDOWS\System32\win32u.dll
0x00007ffc96220000 - 0x00007ffc96247000 	C:\WINDOWS\System32\GDI32.dll
0x00007ffc95740000 - 0x00007ffc958c9000 	C:\WINDOWS\System32\gdi32full.dll
0x00007ffc956a0000 - 0x00007ffc9573a000 	C:\WINDOWS\System32\msvcp_win.dll
0x00007ffc95aa0000 - 0x00007ffc95b96000 	C:\WINDOWS\System32\ucrtbase.dll
0x00007ffc8a620000 - 0x00007ffc8a887000 	C:\WINDOWS\WinSxS\amd64_microsoft.windows.common-controls_6595b64144ccf1df_6.0.15063.0_none_108e4f62dfe5d999\COMCTL32.dll
0x00007ffc95e80000 - 0x00007ffc96179000 	C:\WINDOWS\System32\combase.dll
0x00007ffc95330000 - 0x00007ffc9539a000 	C:\WINDOWS\System32\bcryptPrimitives.dll
0x00007ffc981d0000 - 0x00007ffc981fd000 	C:\WINDOWS\System32\IMM32.DLL
0x0000000058790000 - 0x0000000058862000 	C:\Program Files\Java\jdk1.8.0_121\jre\bin\msvcr100.dll
0x0000000057ef0000 - 0x000000005878b000 	C:\Program Files\Java\jdk1.8.0_121\jre\bin\server\jvm.dll
0x00007ffc96b20000 - 0x00007ffc96b28000 	C:\WINDOWS\System32\PSAPI.DLL
0x00007ffc8fdd0000 - 0x00007ffc8fdda000 	C:\WINDOWS\SYSTEM32\VERSION.dll
0x00007ffc84450000 - 0x00007ffc84459000 	C:\WINDOWS\SYSTEM32\WSOCK32.dll
0x00007ffc92e60000 - 0x00007ffc92e83000 	C:\WINDOWS\SYSTEM32\WINMM.dll
0x00007ffc95d00000 - 0x00007ffc95d6c000 	C:\WINDOWS\System32\WS2_32.dll
0x00007ffc92e30000 - 0x00007ffc92e5b000 	C:\WINDOWS\SYSTEM32\winmmbase.dll
0x00007ffc952e0000 - 0x00007ffc95329000 	C:\WINDOWS\System32\cfgmgr32.dll
0x0000000057ee0000 - 0x0000000057eef000 	C:\Program Files\Java\jdk1.8.0_121\jre\bin\verify.dll
0x0000000057eb0000 - 0x0000000057ed9000 	C:\Program Files\Java\jdk1.8.0_121\jre\bin\java.dll
0x0000000057e90000 - 0x0000000057ea6000 	C:\Program Files\Java\jdk1.8.0_121\jre\bin\zip.dll

VM Arguments:
jvm_args: -Dbuild.listeners=org.jetbrains.groovy.grails.rt.GrailsIdeaTestListener -Denv=test -Dfull.stacktrace=false -Dgrails.env=test -Dgrails.full.stacktrace=false -Dinfo.app.grailsVersion=3.2.5 -Dinfo.app.name=findMeSitter -Dinfo.app.version=0.1 -Djava.security.manager=worker.org.gradle.process.internal.worker.child.BootstrapSecurityManager -Drun.active=true -Dverbose=false -XX:+TieredCompilation -XX:TieredStopAtLevel=1 -XX:CICompilerCount=3 -Xms768m -Xmx768m -Dfile.encoding=UTF-8 -Duser.country=US -Duser.language=en -Duser.variant -ea 
java_command: worker.org.gradle.process.internal.worker.GradleWorkerMain 'Gradle Test Executor 2'
java_class_path (initial): C:\Users\WeiQi\.gradle\caches\3.0\workerMain\gradle-worker.jar
Launcher Type: SUN_STANDARD

Environment Variables:
JAVA_HOME=C:\Program Files\Java\jdk1.8.0_121
PATH=C:\ProgramData\Oracle\Java\javapath;C:\WINDOWS\system32;C:\WINDOWS;C:\WINDOWS\System32\Wbem;C:\WINDOWS\System32\WindowsPowerShell\v1.0\;C:\Program Files (x86)\Calibre2\;C:\Program Files (x86)\WugFresh Development\data;C:\Program Files (x86)\QuickTime\QTSystem\;C:\Program Files\Microsoft SQL Server\120\Tools\Binn\;C:\Program Files\Microsoft\Web Platform Installer\;C:\Program Files\cURL\bin;C:\Program Files (x86)\GtkSharp\2.12\bin;C:\Program Files\Microsoft SQL Server\130\Tools\Binn\;C:\Program Files\Microsoft DNX\Dnvm\;C:\Program Files\nodejs\;C:\Program Files\Git\cmd;C:\Program Files (x86)\Microsoft SQL Server\110\DTS\Binn\;C:\Program Files (x86)\Microsoft SQL Server\120\DTS\Binn\;C:\Program Files (x86)\Microsoft SQL Server\130\DTS\Binn\;C:\Program Files (x86)\Microsoft Emulator Manager\1.0\;C:\Program Files (x86)\Windows Kits\10\Windows Performance Toolkit\;C:\Program Files\dotnet\;C:\cygwin64\home\Wei\.sdkman\candidates\groovy\2.4.8\bin;C:\cygwin64\home\Wei\.sdkman\candidates\grails\3.2.5\bin;C:\Program Files (x86)\NVIDIA Corporation\PhysX\Common;C:\WINDOWS\system32;C:\WINDOWS;C:\WINDOWS\System32\Wbem;C:\WINDOWS\System32\WindowsPowerShell\v1.0\;C:\Users\WeiQi\AppData\Roaming\npm;%USERPROFILE%\AppData\Local\Microsoft\WindowsApps;
USERNAME=Wei
OS=Windows_NT
PROCESSOR_IDENTIFIER=Intel64 Family 6 Model 58 Stepping 9, GenuineIntel



---------------  S Y S T E M  ---------------

OS: Windows 10.0 , 64 bit Build 15063 (10.0.15063.0)

CPU:total 8 (4 cores per cpu, 2 threads per core) family 6 model 58 stepping 9, cmov, cx8, fxsr, mmx, sse, sse2, sse3, ssse3, sse4.1, sse4.2, popcnt, avx, aes, clmul, erms, ht, tsc, tscinvbit, tscinv

Memory: 4k page, physical 16721596k(5629200k free), swap 16721596k(5604k free)

vm_info: Java HotSpot(TM) 64-Bit Server VM (25.121-b13) for windows-amd64 JRE (1.8.0_121-b13), built on Dec 12 2016 18:21:36 by "java_re" with MS VC++ 10.0 (VS2010)

time: Sun Apr 30 14:06:05 2017
elapsed time: 0 seconds (0d 0h 0m 0s)

